[debug] [2017-10-28T10:49:02.682Z] ----------------------------------------------------------------------
[debug] [2017-10-28T10:49:02.682Z] Command:       C:\Program Files\nodejs\node.exe C:\Users\Yasaa Moin\AppData\Roaming\npm\node_modules\firebase-tools\bin\firebase serve
[debug] [2017-10-28T10:49:02.682Z] CLI Version:   3.13.1
[debug] [2017-10-28T10:49:02.682Z] Platform:      win32
[debug] [2017-10-28T10:49:02.682Z] Node Version:  v6.11.2
[debug] [2017-10-28T10:49:02.682Z] Time:          Sat Oct 28 2017 16:19:02 GMT+0530 (India Standard Time)
[debug] [2017-10-28T10:49:02.682Z] ----------------------------------------------------------------------
[debug] 
[debug] [2017-10-28T10:49:02.697Z] > command requires scopes: ["email","openid","https://www.googleapis.com/auth/cloudplatformprojects.readonly","https://www.googleapis.com/auth/firebase","https://www.googleapis.com/auth/cloud-platform"]
[debug] [2017-10-28T10:49:02.697Z] > authorizing via signed-in user
[debug] [2017-10-28T10:49:02.697Z] >>> HTTP REQUEST GET https://admin.firebase.com/v1/projects/podcast-villa  
 Sat Oct 28 2017 16:19:02 GMT+0530 (India Standard Time)
[debug] [2017-10-28T10:49:03.939Z] <<< HTTP RESPONSE 200
[debug] [2017-10-28T10:49:03.939Z] >>> HTTP REQUEST GET https://admin.firebase.com/v1/database/podcast-villa/tokens  
 Sat Oct 28 2017 16:19:03 GMT+0530 (India Standard Time)
[debug] [2017-10-28T10:49:04.913Z] <<< HTTP RESPONSE 200
[info] 
[info] === Serving from 'C:\Users\Yasaa Moin\Documents\Projects\Podcast Villa'...
[info] 
[debug] [2017-10-28T10:49:04.913Z] >>> HTTP REQUEST GET https://cloudresourcemanager.googleapis.com/v1/projects/podcast-villa  
 Sat Oct 28 2017 16:19:04 GMT+0530 (India Standard Time)
[debug] [2017-10-28T10:49:06.225Z] <<< HTTP RESPONSE 200
[debug] [2017-10-28T10:49:06.225Z] >>> HTTP REQUEST GET https://mobilesdk-pa.googleapis.com/v1/projects/459173837548/clients/_:getWebAppConfig  
 Sat Oct 28 2017 16:19:06 GMT+0530 (India Standard Time)
[debug] [2017-10-28T10:49:07.038Z] <<< HTTP RESPONSE 200
[info] i  hosting: Serving hosting files from: public
[info] +  hosting: Local server: http://localhost:5000

